2024-01-14 09:22:06,811 [INFO] MainUpdater:2868 - connection check result : 10
2024-01-14 09:22:06,941 [INFO] McuFinderGlobals:76 - Set McuFinderConnectedMode to true
2024-01-14 09:22:06,942 [INFO] MultiScanPanel:200 - Auto-refresh data requested => check proxy status ongoing
2024-01-14 09:22:06,942 [INFO] FinderPluginLoader:95 - Searching for filters in installed packs
2024-01-14 09:22:07,348 [INFO] LoadUrlFilesThread:185 - End of LoadServerUrlFiles without Thread
2024-01-14 09:22:07,349 [INFO] DetailPanel:341 - Set advertising image to /home/wyatt/STM32Cube/Repository//en.prom-stm32wl3-mcu-finder.jpg
2024-01-14 09:22:09,282 [INFO] MultiScanPanel:200 - Auto-refresh data requested => check proxy status ongoing
2024-01-14 09:22:09,314 [INFO] LoadUrlFilesThread:185 - End of LoadServerUrlFiles without Thread
2024-01-14 09:22:09,314 [INFO] DetailPanel:341 - Set advertising image to /home/wyatt/STM32Cube/Repository//en.prom-stm32wl3-mcu-finder.jpg
2024-01-14 09:47:01,916 [INFO] McuFinderGlobals:76 - Set McuFinderConnectedMode to true
2024-01-14 09:47:01,917 [INFO] ApiDb:448 - Save user favorites file /home/wyatt/.stm32cubeide/favorites.mcus.txt: 0 item(s)
2024-01-14 09:47:01,917 [INFO] ApiDb:452 - User favorites MCUs=[]
2024-01-14 09:47:01,918 [INFO] ApiDb:448 - Save user favorites file /home/wyatt/.stm32cubeide/favorites.boards.txt: 1 item(s)
2024-01-14 09:47:01,918 [INFO] ApiDb:452 - User favorites Boards=[NUCLEO-F446RE]
2024-01-14 11:25:21,189 [INFO] MainUpdater:2868 - connection check result : 10
2024-01-14 11:25:21,323 [INFO] McuFinderGlobals:76 - Set McuFinderConnectedMode to true
2024-01-14 11:25:21,324 [INFO] MultiScanPanel:200 - Auto-refresh data requested => check proxy status ongoing
2024-01-14 11:25:21,324 [INFO] FinderPluginLoader:95 - Searching for filters in installed packs
2024-01-14 11:25:21,807 [INFO] LoadUrlFilesThread:185 - End of LoadServerUrlFiles without Thread
2024-01-14 11:25:21,808 [INFO] DetailPanel:341 - Set advertising image to /home/wyatt/STM32Cube/Repository//en.prom-stm32wl3-mcu-finder.jpg
2024-01-14 11:25:26,541 [INFO] MultiScanPanel:200 - Auto-refresh data requested => check proxy status ongoing
2024-01-14 11:25:26,579 [INFO] LoadUrlFilesThread:185 - End of LoadServerUrlFiles without Thread
2024-01-14 11:25:26,579 [INFO] DetailPanel:341 - Set advertising image to /home/wyatt/STM32Cube/Repository//en.prom-stm32wl3-mcu-finder.jpg
2024-01-14 11:26:27,932 [INFO] McuFinderGlobals:76 - Set McuFinderConnectedMode to true
2024-01-14 11:26:27,933 [INFO] ApiDb:448 - Save user favorites file /home/wyatt/.stm32cubeide/favorites.mcus.txt: 0 item(s)
2024-01-14 11:26:27,933 [INFO] ApiDb:452 - User favorites MCUs=[]
2024-01-14 11:26:27,934 [INFO] ApiDb:448 - Save user favorites file /home/wyatt/.stm32cubeide/favorites.boards.txt: 1 item(s)
2024-01-14 11:26:27,934 [INFO] ApiDb:452 - User favorites Boards=[NUCLEO-F446RE]
2024-01-14 18:26:15,603 [INFO] MainUpdater:2868 - connection check result : 10
2024-01-14 18:26:15,727 [INFO] McuFinderGlobals:76 - Set McuFinderConnectedMode to true
2024-01-14 18:26:15,727 [INFO] MultiScanPanel:200 - Auto-refresh data requested => check proxy status ongoing
2024-01-14 18:26:15,728 [INFO] FinderPluginLoader:95 - Searching for filters in installed packs
2024-01-14 18:26:16,190 [INFO] LoadUrlFilesThread:185 - End of LoadServerUrlFiles without Thread
2024-01-14 18:26:16,194 [INFO] DetailPanel:341 - Set advertising image to /home/wyatt/STM32Cube/Repository//en.prom-stm32wl3-mcu-finder.jpg
2024-01-14 18:26:18,826 [INFO] MultiScanPanel:200 - Auto-refresh data requested => check proxy status ongoing
2024-01-14 18:26:18,856 [INFO] LoadUrlFilesThread:185 - End of LoadServerUrlFiles without Thread
2024-01-14 18:26:18,856 [INFO] DetailPanel:341 - Set advertising image to /home/wyatt/STM32Cube/Repository//en.prom-stm32wl3-mcu-finder.jpg
2024-01-14 18:26:41,474 [INFO] McuFinderGlobals:76 - Set McuFinderConnectedMode to true
2024-01-14 18:26:41,475 [INFO] ApiDb:448 - Save user favorites file /home/wyatt/.stm32cubeide/favorites.mcus.txt: 0 item(s)
2024-01-14 18:26:41,475 [INFO] ApiDb:452 - User favorites MCUs=[]
2024-01-14 18:26:41,476 [INFO] ApiDb:448 - Save user favorites file /home/wyatt/.stm32cubeide/favorites.boards.txt: 1 item(s)
2024-01-14 18:26:41,476 [INFO] ApiDb:452 - User favorites Boards=[NUCLEO-F446RE]
