2024-01-15 09:30:56,371 [INFO] MainUpdater:2868 - connection check result : 10
2024-01-15 09:30:56,465 [INFO] McuFinderGlobals:76 - Set McuFinderConnectedMode to true
2024-01-15 09:30:56,465 [INFO] MultiScanPanel:200 - Auto-refresh data requested => check proxy status ongoing
2024-01-15 09:30:56,466 [INFO] FinderPluginLoader:95 - Searching for filters in installed packs
2024-01-15 09:30:56,928 [INFO] LoadUrlFilesThread:185 - End of LoadServerUrlFiles without Thread
2024-01-15 09:30:56,928 [INFO] DetailPanel:341 - Set advertising image to /home/wyatt/STM32Cube/Repository//en.prom-stm32wl3-mcu-finder.jpg
2024-01-15 09:31:00,701 [INFO] MultiScanPanel:200 - Auto-refresh data requested => check proxy status ongoing
2024-01-15 09:31:00,731 [INFO] LoadUrlFilesThread:185 - End of LoadServerUrlFiles without Thread
2024-01-15 09:31:00,731 [INFO] DetailPanel:341 - Set advertising image to /home/wyatt/STM32Cube/Repository//en.prom-stm32wl3-mcu-finder.jpg
2024-01-15 09:31:44,885 [INFO] McuFinderGlobals:76 - Set McuFinderConnectedMode to true
2024-01-15 09:31:44,886 [INFO] ApiDb:448 - Save user favorites file /home/wyatt/.stm32cubeide/favorites.mcus.txt: 0 item(s)
2024-01-15 09:31:44,886 [INFO] ApiDb:452 - User favorites MCUs=[]
2024-01-15 09:31:44,887 [INFO] ApiDb:448 - Save user favorites file /home/wyatt/.stm32cubeide/favorites.boards.txt: 1 item(s)
2024-01-15 09:31:44,887 [INFO] ApiDb:452 - User favorites Boards=[NUCLEO-F446RE]
2024-01-15 09:56:52,852 [INFO] Activator:176 - 


2024-01-15 09:56:52,854 [INFO] Activator:177 - !SESSION log4j initialized
2024-01-15 09:56:56,225 [INFO] LogOutputStream:77 - [STDOUT_REDIRECT] 
2024-01-15 09:56:56,785 [INFO] ApplicationProperties:184 - Using Application install path: /opt/st/stm32cubeide_1.13.2/plugins/com.st.stm32cube.common.mx_6.9.2.202309101412
2024-01-15 09:56:56,802 [INFO] DbMcusXml:78 - Set database path to: /opt/st/stm32cubeide_1.13.2/plugins/com.st.stm32cube.common.mx_6.9.2.202309101412//db//mcu/
2024-01-15 09:56:56,803 [INFO] ApiDb:274 - Set plugin database path to: /opt/st/stm32cubeide_1.13.2/plugins/com.st.stm32cube.common.mx_6.9.2.202309101412//db//plugins/boardmanager/
2024-01-15 09:56:56,803 [WARN] ApiDb:259 - Overriding images path with different value:  => /opt/st/stm32cubeide_1.13.2/plugins/com.st.stm32cube.common.mx_6.9.2.202309101412//db//plugins/mcufinder/images/
2024-01-15 09:56:56,813 [INFO] ApiDb:250 - Set database path to: /home/wyatt/.stmcufinder/plugins/mcufinder//mcu/
2024-01-15 09:56:56,814 [INFO] DbMcusAds:125 - Set database path to: /home/wyatt/.stmcufinder/plugins/mcufinder//mcu/
2024-01-15 09:56:56,817 [INFO] CrossReferenceDbSqlite:203 - Set database path to: /home/wyatt/.stmcufinder/plugins/mcufinder//mcu/cs/
2024-01-15 09:56:56,896 [INFO] RulesReader:64 - Compatibility file has been processed (293 Rules)
2024-01-15 09:56:56,943 [INFO] DbMcusXml:78 - Set database path to: /opt/st/stm32cubeide_1.13.2/plugins/com.st.stm32cube.common.mx_6.9.2.202309101412//db//mcu/
2024-01-15 09:56:56,943 [INFO] ApiDb:274 - Set plugin database path to: /opt/st/stm32cubeide_1.13.2/plugins/com.st.stm32cube.common.mx_6.9.2.202309101412//db//plugins/boardmanager/
2024-01-15 09:56:56,943 [INFO] ApiDb:261 - Set plugin images path to: /opt/st/stm32cubeide_1.13.2/plugins/com.st.stm32cube.common.mx_6.9.2.202309101412//db//plugins/mcufinder/images/
2024-01-15 09:56:56,943 [WARN] DbFile:41 - Overriding database path with different value: /home/wyatt/.stmcufinder/plugins/mcufinder/ => /home/wyatt/.stmcufinder/plugins/mcufinder
2024-01-15 09:56:56,943 [INFO] ApiDb:250 - Set database path to: /home/wyatt/.stmcufinder/plugins/mcufinder//mcu/
2024-01-15 09:56:56,944 [WARN] DbFile:41 - Overriding database path with different value: /home/wyatt/.stmcufinder/plugins/mcufinder/ => /home/wyatt/.stmcufinder/plugins/mcufinder
2024-01-15 09:56:56,944 [INFO] DbMcusAds:125 - Set database path to: /home/wyatt/.stmcufinder/plugins/mcufinder//mcu/
2024-01-15 09:56:56,944 [WARN] DbFile:41 - Overriding database path with different value: /home/wyatt/.stmcufinder/plugins/mcufinder/ => /home/wyatt/.stmcufinder/plugins/mcufinder
2024-01-15 09:56:56,944 [WARN] DbFile:41 - Overriding database path with different value: /home/wyatt/.stmcufinder/plugins/mcufinder/ => /home/wyatt/.stmcufinder/plugins/mcufinder
2024-01-15 09:56:56,944 [INFO] CrossReferenceDbSqlite:203 - Set database path to: /home/wyatt/.stmcufinder/plugins/mcufinder//mcu/cs/
2024-01-15 09:56:56,994 [INFO] MainPanel:262 - HeapMemory: 268435456
2024-01-15 09:56:57,062 [INFO] DbMcusXml:78 - Set database path to: /opt/st/stm32cubeide_1.13.2/plugins/com.st.stm32cube.common.mx_6.9.2.202309101412//db//mcu/
2024-01-15 09:56:57,062 [INFO] ApiDb:274 - Set plugin database path to: /opt/st/stm32cubeide_1.13.2/plugins/com.st.stm32cube.common.mx_6.9.2.202309101412//db//plugins/boardmanager/
2024-01-15 09:56:57,062 [INFO] ApiDb:261 - Set plugin images path to: /opt/st/stm32cubeide_1.13.2/plugins/com.st.stm32cube.common.mx_6.9.2.202309101412//db//plugins/mcufinder/images/
2024-01-15 09:56:57,063 [WARN] DbFile:41 - Overriding database path with different value: /home/wyatt/.stmcufinder/plugins/mcufinder/ => /home/wyatt/.stmcufinder/plugins/mcufinder
2024-01-15 09:56:57,063 [INFO] ApiDb:250 - Set database path to: /home/wyatt/.stmcufinder/plugins/mcufinder//mcu/
2024-01-15 09:56:57,063 [WARN] DbFile:41 - Overriding database path with different value: /home/wyatt/.stmcufinder/plugins/mcufinder/ => /home/wyatt/.stmcufinder/plugins/mcufinder
2024-01-15 09:56:57,063 [INFO] DbMcusAds:125 - Set database path to: /home/wyatt/.stmcufinder/plugins/mcufinder//mcu/
2024-01-15 09:56:57,063 [WARN] DbFile:41 - Overriding database path with different value: /home/wyatt/.stmcufinder/plugins/mcufinder/ => /home/wyatt/.stmcufinder/plugins/mcufinder
2024-01-15 09:56:57,063 [WARN] DbFile:41 - Overriding database path with different value: /home/wyatt/.stmcufinder/plugins/mcufinder/ => /home/wyatt/.stmcufinder/plugins/mcufinder
2024-01-15 09:56:57,063 [INFO] CrossReferenceDbSqlite:203 - Set database path to: /home/wyatt/.stmcufinder/plugins/mcufinder//mcu/cs/
2024-01-15 09:56:57,075 [INFO] ApplicationProperties:184 - Using Application install path: /opt/st/stm32cubeide_1.13.2/plugins/com.st.stm32cube.common.mx_6.9.2.202309101412
2024-01-15 09:56:57,076 [INFO] PluginManage:196 - Search for loadable plugins [exclusion list=, ]
2024-01-15 09:56:57,077 [INFO] PluginManage:310 - Check plugin analytics
2024-01-15 09:56:57,178 [INFO] AnalyticsPlugin:253 - Accepted Software Licenses: 
2024-01-15 09:56:57,178 [INFO] AnalyticsPlugin:255 - Accepted CMSIS Pack Licenses: 
2024-01-15 09:56:57,178 [INFO] AnalyticsPlugin:257 - Accepted Firmware Licenses: FW.F4.1.27.0
2024-01-15 09:56:57,179 [INFO] PluginManage:359 - Loaded plugin analytics (category:tool,tabindex:-1)
2024-01-15 09:56:57,180 [INFO] PluginManage:310 - Check plugin cadmodel
2024-01-15 09:56:57,238 [INFO] CADModel:105 - Init CAD model plugin
2024-01-15 09:56:57,238 [INFO] PluginManage:359 - Loaded plugin cadmodel (category:power,tabindex:5)
2024-01-15 09:56:57,238 [INFO] PluginManage:310 - Check plugin clock
2024-01-15 09:56:57,246 [INFO] PluginManage:359 - Loaded plugin clock (category:base,tabindex:2)
2024-01-15 09:56:57,246 [INFO] PluginManage:310 - Check plugin ddr
2024-01-15 09:56:57,248 [INFO] PluginManage:359 - Loaded plugin ddr (category:tool,tabindex:6)
2024-01-15 09:56:57,248 [INFO] PluginManage:310 - Check plugin filemanager
2024-01-15 09:56:57,334 [INFO] PluginManage:359 - Loaded plugin filemanager (category:base,tabindex:10)
2024-01-15 09:56:57,334 [INFO] PluginManage:310 - Check plugin ipmanager
2024-01-15 09:56:57,338 [INFO] PluginManage:359 - Loaded plugin ipmanager (category:base,tabindex:5)
2024-01-15 09:56:57,338 [INFO] PluginManage:310 - Check plugin lpbam
2024-01-15 09:56:57,345 [INFO] PluginManage:359 - Loaded plugin lpbam (category:base,tabindex:0)
2024-01-15 09:56:57,345 [INFO] PluginManage:310 - Check plugin memorymap
2024-01-15 09:56:57,355 [INFO] PluginManage:359 - Loaded plugin memorymap (category:base,tabindex:4)
2024-01-15 09:56:57,355 [INFO] PluginManage:310 - Check plugin pinoutandconfiguration
2024-01-15 09:56:57,361 [INFO] PluginManage:359 - Loaded plugin pinoutandconfiguration (category:base,tabindex:1)
2024-01-15 09:56:57,361 [INFO] PluginManage:310 - Check plugin pinoutconfig
2024-01-15 09:56:57,415 [WARN] SupportedApi:132 - Cannot load RTOS API schema: s4s-elt-must-match.1: The content of 'definitions' must match (annotation?, (simpleType | complexType)?, (unique | key | keyref)*)). A problem was found starting at: attribute.
2024-01-15 09:56:57,533 [INFO] PluginManage:359 - Loaded plugin pinoutconfig (category:base,tabindex:0)
2024-01-15 09:56:57,533 [INFO] PluginManage:310 - Check plugin power
2024-01-15 09:56:57,542 [INFO] PluginManage:359 - Loaded plugin power (category:power,tabindex:4)
2024-01-15 09:56:57,543 [INFO] PluginManage:310 - Check plugin projectmanager
2024-01-15 09:56:57,554 [INFO] PluginManage:359 - Loaded plugin projectmanager (category:projectmanager,tabindex:3)
2024-01-15 09:56:57,554 [INFO] PluginManage:310 - Check plugin thirdparty
2024-01-15 09:56:57,644 [WARN] IntegrityCheckThread:84 - waiting for thirdparty lock release [integrity check]
2024-01-15 09:56:57,644 [INFO] PluginManage:359 - Loaded plugin thirdparty (category:base,tabindex:-1)
2024-01-15 09:56:57,644 [INFO] IntegrityCheckThread:86 - entering critical section [integrity check]
2024-01-15 09:56:57,644 [INFO] PluginManage:310 - Check plugin tools
2024-01-15 09:56:57,644 [INFO] ThirdPartyUpdaterWithRetryManager:70 - Updater plugin not ready yet. [1/15]
2024-01-15 09:56:57,646 [INFO] PluginManage:359 - Loaded plugin tools (category:base,tabindex:7)
2024-01-15 09:56:57,646 [INFO] PluginManage:310 - Check plugin tutovideos
2024-01-15 09:56:57,766 [INFO] PluginManage:359 - Loaded plugin tutovideos (category:base,tabindex:-1)
2024-01-15 09:56:57,766 [INFO] PluginManage:310 - Check plugin updater
2024-01-15 09:56:57,774 [INFO] PluginManage:359 - Loaded plugin updater (category:base,tabindex:12)
2024-01-15 09:56:57,775 [INFO] PluginManage:310 - Check plugin userauth
2024-01-15 09:56:57,778 [INFO] UserAuth:113 - Init User Auth plugin
2024-01-15 09:56:57,778 [INFO] PluginManage:359 - Loaded plugin userauth (category:base,tabindex:14)
2024-01-15 09:56:57,779 [INFO] PluginManage:283 - PluginManage : Loaded plugins [17]
2024-01-15 09:56:57,907 [INFO] PinOutPanel:1499 - setPackage(No Configuration,No Configuration)
2024-01-15 09:56:57,973 [INFO] CADModel:165 - CPN selected for project level
2024-01-15 09:56:57,973 [INFO] CADModel:114 - Register for checkConnection events
2024-01-15 09:56:57,982 [INFO] IPUIPlugin:80 - create IPUIPlugin
2024-01-15 09:56:57,982 [INFO] PluginManager:220 - loadIPPluginJar : add gic
2024-01-15 09:56:57,987 [INFO] IPUIPlugin:80 - create IPUIPlugin
2024-01-15 09:56:57,988 [INFO] PluginManager:220 - loadIPPluginJar : add usart
2024-01-15 09:56:57,991 [INFO] IPUIPlugin:80 - create IPUIPlugin
2024-01-15 09:56:57,991 [INFO] PluginManager:220 - loadIPPluginJar : add gpio
2024-01-15 09:56:57,993 [INFO] IPUIPlugin:80 - create IPUIPlugin
2024-01-15 09:56:57,993 [INFO] PluginManager:220 - loadIPPluginJar : add dfsdm
2024-01-15 09:56:57,995 [INFO] IPUIPlugin:80 - create IPUIPlugin
2024-01-15 09:56:57,995 [INFO] PluginManager:220 - loadIPPluginJar : add lorawan
2024-01-15 09:56:57,997 [INFO] IPUIPlugin:80 - create IPUIPlugin
2024-01-15 09:56:57,997 [INFO] PluginManager:220 - loadIPPluginJar : add sai
2024-01-15 09:56:57,998 [INFO] IPUIPlugin:80 - create IPUIPlugin
2024-01-15 09:56:57,998 [INFO] PluginManager:220 - loadIPPluginJar : add comp
2024-01-15 09:56:58,000 [INFO] IPUIPlugin:80 - create IPUIPlugin
2024-01-15 09:56:58,000 [INFO] PluginManager:220 - loadIPPluginJar : add tim
2024-01-15 09:56:58,004 [INFO] IPUIPlugin:80 - create IPUIPlugin
2024-01-15 09:56:58,004 [INFO] PluginManager:220 - loadIPPluginJar : add mdma
2024-01-15 09:56:58,009 [INFO] IPUIPlugin:80 - create IPUIPlugin
2024-01-15 09:56:58,010 [INFO] PluginManager:220 - loadIPPluginJar : add adc
2024-01-15 09:56:58,014 [INFO] IPUIPlugin:80 - create IPUIPlugin
2024-01-15 09:56:58,014 [INFO] PluginManager:220 - loadIPPluginJar : add freertos
2024-01-15 09:56:58,016 [INFO] IPUIPlugin:80 - create IPUIPlugin
2024-01-15 09:56:58,016 [INFO] PluginManager:220 - loadIPPluginJar : add i3c
2024-01-15 09:56:58,020 [INFO] IPUIPlugin:80 - create IPUIPlugin
2024-01-15 09:56:58,020 [INFO] PluginManager:220 - loadIPPluginJar : add stm32_wpan
2024-01-15 09:56:58,021 [INFO] IPUIPlugin:80 - create IPUIPlugin
2024-01-15 09:56:58,021 [INFO] PluginManager:220 - loadIPPluginJar : add ucpd
2024-01-15 09:56:58,023 [INFO] IPUIPlugin:80 - create IPUIPlugin
2024-01-15 09:56:58,023 [INFO] PluginManager:220 - loadIPPluginJar : add tsc
2024-01-15 09:56:58,025 [INFO] IPUIPlugin:80 - create IPUIPlugin
2024-01-15 09:56:58,025 [INFO] PluginManager:220 - loadIPPluginJar : add openamp
2024-01-15 09:56:58,029 [INFO] IPUIPlugin:80 - create IPUIPlugin
2024-01-15 09:56:58,029 [INFO] PluginManager:220 - loadIPPluginJar : add dma
2024-01-15 09:56:58,031 [INFO] IPUIPlugin:80 - create IPUIPlugin
2024-01-15 09:56:58,031 [INFO] PluginManager:220 - loadIPPluginJar : add dma3
2024-01-15 09:56:58,032 [INFO] IPUIPlugin:80 - create IPUIPlugin
2024-01-15 09:56:58,032 [INFO] PluginManager:220 - loadIPPluginJar : add fatfs
2024-01-15 09:56:58,033 [INFO] IPUIPlugin:80 - create IPUIPlugin
2024-01-15 09:56:58,033 [INFO] PluginManager:220 - loadIPPluginJar : add spi
2024-01-15 09:56:58,035 [INFO] IPUIPlugin:80 - create IPUIPlugin
2024-01-15 09:56:58,035 [INFO] PluginManager:220 - loadIPPluginJar : add i2c
2024-01-15 09:56:58,037 [INFO] IPUIPlugin:80 - create IPUIPlugin
2024-01-15 09:56:58,037 [INFO] PluginManager:220 - loadIPPluginJar : add gtzc
2024-01-15 09:56:58,038 [INFO] IPUIPlugin:80 - create IPUIPlugin
2024-01-15 09:56:58,038 [INFO] PluginManager:220 - loadIPPluginJar : add genericplugin
2024-01-15 09:56:58,040 [INFO] IPUIPlugin:80 - create IPUIPlugin
2024-01-15 09:56:58,040 [INFO] PluginManager:220 - loadIPPluginJar : add gfxmmu
2024-01-15 09:56:58,043 [INFO] IPUIPlugin:80 - create IPUIPlugin
2024-01-15 09:56:58,043 [INFO] PluginManager:220 - loadIPPluginJar : add usbx
2024-01-15 09:56:58,045 [INFO] IPUIPlugin:80 - create IPUIPlugin
2024-01-15 09:56:58,045 [INFO] PluginManager:220 - loadIPPluginJar : add aes
2024-01-15 09:56:58,047 [INFO] IPUIPlugin:80 - create IPUIPlugin
2024-01-15 09:56:58,047 [INFO] PluginManager:220 - loadIPPluginJar : add i2s
2024-01-15 09:56:58,050 [INFO] IPUIPlugin:80 - create IPUIPlugin
2024-01-15 09:56:58,050 [INFO] PluginManager:220 - loadIPPluginJar : add touchsensing
2024-01-15 09:56:58,052 [INFO] IPUIPlugin:80 - create IPUIPlugin
2024-01-15 09:56:58,052 [INFO] PluginManager:220 - loadIPPluginJar : add ipddr
2024-01-15 09:56:58,058 [INFO] IPUIPlugin:80 - create IPUIPlugin
2024-01-15 09:56:58,059 [INFO] PluginManager:220 - loadIPPluginJar : add linkedlist
2024-01-15 09:56:58,060 [INFO] IPUIPlugin:80 - create IPUIPlugin
2024-01-15 09:56:58,060 [INFO] PluginManager:220 - loadIPPluginJar : add tracer_emb
2024-01-15 09:56:58,061 [INFO] IPUIPlugin:80 - create IPUIPlugin
2024-01-15 09:56:58,061 [INFO] PluginManager:220 - loadIPPluginJar : add quadspi
2024-01-15 09:56:58,063 [INFO] IPUIPlugin:80 - create IPUIPlugin
2024-01-15 09:56:58,063 [INFO] PluginManager:220 - loadIPPluginJar : add pdm2pcm
2024-01-15 09:56:58,065 [INFO] IPUIPlugin:80 - create IPUIPlugin
2024-01-15 09:56:58,065 [INFO] PluginManager:220 - loadIPPluginJar : add can
2024-01-15 09:56:58,067 [INFO] IPUIPlugin:80 - create IPUIPlugin
2024-01-15 09:56:58,067 [INFO] PluginManager:220 - loadIPPluginJar : add ltdc
2024-01-15 09:56:58,070 [INFO] IPUIPlugin:80 - create IPUIPlugin
2024-01-15 09:56:58,070 [INFO] PluginManager:220 - loadIPPluginJar : add fmc
2024-01-15 09:56:58,072 [INFO] IPUIPlugin:80 - create IPUIPlugin
2024-01-15 09:56:58,072 [INFO] PluginManager:220 - loadIPPluginJar : add ts
2024-01-15 09:56:58,073 [INFO] IPUIPlugin:80 - create IPUIPlugin
2024-01-15 09:56:58,074 [INFO] PluginManager:220 - loadIPPluginJar : add cryp
2024-01-15 09:56:58,075 [INFO] IPUIPlugin:80 - create IPUIPlugin
2024-01-15 09:56:58,075 [INFO] PluginManager:220 - loadIPPluginJar : add opamp
2024-01-15 09:56:58,077 [INFO] IPUIPlugin:80 - create IPUIPlugin
2024-01-15 09:56:58,077 [INFO] PluginManager:220 - loadIPPluginJar : add hash
2024-01-15 09:56:58,080 [INFO] IPUIPlugin:80 - create IPUIPlugin
2024-01-15 09:56:58,080 [INFO] PluginManager:220 - loadIPPluginJar : add nvic
2024-01-15 09:56:58,084 [INFO] IPUIPlugin:80 - create IPUIPlugin
2024-01-15 09:56:58,086 [INFO] PluginManager:220 - loadIPPluginJar : add plateformsettings
2024-01-15 09:56:58,089 [INFO] IPUIPlugin:80 - create IPUIPlugin
2024-01-15 09:56:58,089 [INFO] PluginManager:220 - loadIPPluginJar : add resmgrutility
2024-01-15 09:56:58,178 [INFO] CADModel:165 - CPN selected for project level
2024-01-15 09:56:58,179 [INFO] CADModel:114 - Register for checkConnection events
2024-01-15 09:56:58,179 [FATAL] Updater:308 - Updater called before beeing initialized
2024-01-15 09:56:58,179 [ERROR] CADModel:125 - Updater not yet initialized, retry later 
2024-01-15 09:56:58,256 [INFO] CADModel:165 - CPN selected for project level
2024-01-15 09:56:58,256 [INFO] CADModel:114 - Register for checkConnection events
2024-01-15 09:56:58,256 [FATAL] Updater:308 - Updater called before beeing initialized
2024-01-15 09:56:58,256 [ERROR] CADModel:125 - Updater not yet initialized, retry later 
2024-01-15 09:56:58,258 [FATAL] Updater:308 - Updater called before beeing initialized
2024-01-15 09:56:58,306 [FATAL] Updater:308 - Updater called before beeing initialized
2024-01-15 09:56:58,310 [INFO] DbMcusAds:53 - JSON generation date=Wed Nov 29 04:52:27 CST 2023 (1701255147349)
2024-01-15 09:56:58,310 [FATAL] Updater:308 - Updater called before beeing initialized
2024-01-15 09:56:58,336 [WARN] DetailPanel:346 - Failed to get advertising image, set to default
2024-01-15 09:56:58,404 [FATAL] Updater:308 - Updater called before beeing initialized
2024-01-15 09:56:58,405 [FATAL] Updater:308 - Updater called before beeing initialized
2024-01-15 09:56:58,405 [FATAL] Updater:308 - Updater called before beeing initialized
2024-01-15 09:56:58,405 [WARN] DetailPanel:346 - Failed to get advertising image, set to default
2024-01-15 09:56:58,406 [FATAL] Updater:308 - Updater called before beeing initialized
2024-01-15 09:56:58,425 [ERROR] Updater:1120 - MainUpdater not yet initialized. External WinMGr cannot be set.
2024-01-15 09:56:58,426 [INFO] Updater:1056 - Updater Version found : 6.9.2
2024-01-15 09:56:58,442 [INFO] ApplicationProperties:184 - Using Application install path: /opt/st/stm32cubeide_1.13.2/plugins/com.st.stm32cube.common.mx_6.9.2.202309101412
2024-01-15 09:56:58,651 [INFO] MainUpdater:2868 - connection check result : 10
2024-01-15 09:56:58,651 [INFO] MainUpdater:3562 - Updater definition file requires update
2024-01-15 09:56:58,652 [INFO] MainUpdater:285 - Updater Check For Update Now.
2024-01-15 09:56:58,652 [INFO] MicroXplorer:498 - Change Database Version : DB.6.0.92
2024-01-15 09:56:58,655 [INFO] McuFinderGlobals:63 - Set McuFinder mode to 2 (CubeIDE integrated)
2024-01-15 09:56:58,655 [INFO] UserAuth:179 - activating auth plugin
2024-01-15 09:56:58,657 [INFO] UserAuth:393 - Internet connection configuration mode: 1
2024-01-15 09:56:58,667 [INFO] JxBrowserEngine:151 - Initiate JxBrowser Engine with user profile folder
2024-01-15 09:56:58,747 [INFO] ServerAccessManage:473 - Download File updaters.zip
2024-01-15 09:56:58,952 [INFO] FileExtend:240 - Unzip File : updaters.zip
2024-01-15 09:56:58,952 [INFO] FileExtend:255 - Standard Zip Deflate
2024-01-15 09:56:59,228 [INFO] ServerAccessManage:473 - Download File PacksControlFlags.xml
2024-01-15 09:56:59,317 [INFO] WebApp:157 - Instantiating new browser for Auth
2024-01-15 09:56:59,432 [INFO] ServerAccessManage:473 - Download File cubemx.pidx
2024-01-15 09:56:59,533 [INFO] LoadServerUpdatesThread:373 - End of LoadServerUpdate Thread
2024-01-15 09:56:59,671 [INFO] CheckServerUpdateThread:120 - End of CheckServer Thread
2024-01-15 09:56:59,750 [INFO] WebApp:753 - Register for checkConnection events
2024-01-15 09:56:59,750 [INFO] WebApp:390 - Apply proxy settings
2024-01-15 09:56:59,750 [INFO] WebApp:475 - Chromium requires no authentication
2024-01-15 09:56:59,754 [INFO] WebApp:418 - Direct internet connection detected
2024-01-15 09:56:59,834 [INFO] WebApp:188 - Starting web application
2024-01-15 09:56:59,835 [INFO] WebApp:520 - Web application path used /opt/st/stm32cubeide_1.13.2/plugins/com.st.stm32cube.common.mx_6.9.2.202309101412/db/plugins/mcufinder/reactClient1/index.html
2024-01-15 09:57:00,718 [WARN] PackLoader:240 - Cannot read IP mode file for STMicroelectronics.X-CUBE-SMBUS.2.1.0
2024-01-15 09:57:00,722 [WARN] PackLoader:240 - Cannot read IP mode file for STMicroelectronics.X-CUBE-TOUCHGFX.4.23.0
2024-01-15 09:57:00,738 [WARN] PackLoader:240 - Cannot read IP mode file for STMicroelectronics.X-CUBE-AZRTOS-F7.1.1.0
2024-01-15 09:57:00,747 [WARN] PackLoader:240 - Cannot read IP mode file for STMicroelectronics.FP-SNS-MOTENV1.4.3.2
2024-01-15 09:57:00,751 [WARN] PackLoader:240 - Cannot read IP mode file for STMicroelectronics.FP-SNS-FLIGHT1.5.0.2
2024-01-15 09:57:00,756 [WARN] PackLoader:240 - Cannot read IP mode file for STMicroelectronics.X-CUBE-DISPLAY.3.0.0
2024-01-15 09:57:00,764 [WARN] PackLoader:240 - Cannot read IP mode file for STMicroelectronics.X-CUBE-BLE1.7.0.0
2024-01-15 09:57:00,767 [WARN] PackLoader:240 - Cannot read IP mode file for emotas.I-CUBE-CANOPEN.1.3.0
2024-01-15 09:57:00,769 [WARN] PackLoader:240 - Cannot read IP mode file for STMicroelectronics.X-CUBE-TOUCHGFX.4.22.1
2024-01-15 09:57:00,772 [WARN] PackLoader:240 - Cannot read IP mode file for STMicroelectronics.FP-SNS-SMARTAG2.1.2.0
2024-01-15 09:57:00,781 [INFO] LogOutputStream:77 - [STDOUT_REDIRECT] 1 : Invalid condition id : UX_CORESTACK_Condition cause : null
2024-01-15 09:57:00,781 [INFO] LogOutputStream:77 - [STDOUT_REDIRECT] 1 : Invalid condition id : UX_CORESTACK_Condition cause : null
2024-01-15 09:57:00,782 [INFO] LogOutputStream:77 - [STDOUT_REDIRECT] 1 : Invalid condition id : UX_CORESTACK_Condition cause : null
2024-01-15 09:57:00,782 [INFO] LogOutputStream:77 - [STDOUT_REDIRECT] 1 : Invalid condition id : UX_CORESTACK_Condition cause : null
2024-01-15 09:57:00,782 [INFO] LogOutputStream:77 - [STDOUT_REDIRECT] 1 : Invalid condition id : UX_CORESTACK_Condition cause : null
2024-01-15 09:57:00,787 [WARN] PackLoader:240 - Cannot read IP mode file for STMicroelectronics.X-CUBE-AZRTOS-WL.2.0.0
2024-01-15 09:57:00,795 [WARN] PackLoader:240 - Cannot read IP mode file for WES.I-CUBE-Cesium.1.3.0
2024-01-15 09:57:00,800 [WARN] PackLoader:240 - Cannot read IP mode file for STMicroelectronics.X-CUBE-BLE2.3.3.0
2024-01-15 09:57:00,804 [WARN] PackLoader:240 - Cannot read IP mode file for STMicroelectronics.X-CUBE-ALGOBUILD.1.3.0
2024-01-15 09:57:00,815 [WARN] PackLoader:240 - Cannot read IP mode file for STMicroelectronics.X-CUBE-AZRTOS-G0.1.1.0
2024-01-15 09:57:00,826 [WARN] PackLoader:240 - Cannot read IP mode file for STMicroelectronics.X-CUBE-NFC4.3.0.0
2024-01-15 09:57:00,838 [WARN] PackLoader:240 - Cannot read IP mode file for STMicroelectronics.X-CUBE-BLEMGR.3.0.0
2024-01-15 09:57:00,843 [WARN] PackLoader:240 - Cannot read IP mode file for STMicroelectronics.FP-ATR-SIGFOX1.3.2.0
2024-01-15 09:57:00,866 [WARN] PackLoader:240 - Cannot read IP mode file for SEGGER.I-CUBE-embOS.1.3.1
2024-01-15 09:57:00,892 [WARN] PackLoader:240 - Cannot read IP mode file for STMicroelectronics.X-CUBE-GNSS1.6.0.0
2024-01-15 09:57:00,903 [WARN] PackLoader:240 - Cannot read IP mode file for STMicroelectronics.X-CUBE-AZRTOS-F4.1.1.0
2024-01-15 09:57:00,906 [WARN] PackLoader:240 - Cannot read IP mode file for wolfSSL.I-CUBE-wolfSSL.5.6.3
2024-01-15 09:57:00,919 [WARN] PackLoader:240 - Cannot read IP mode file for STMicroelectronics.X-CUBE-AZRTOS-L5.2.0.0
2024-01-15 09:57:00,924 [WARN] PackLoader:240 - Cannot read IP mode file for STMicroelectronics.X-CUBE-EEPRMA1.4.2.0
2024-01-15 09:57:00,927 [WARN] PackLoader:240 - Cannot read IP mode file for ITTIA_DB.I-CUBE-ITTIADB.8.8.0
2024-01-15 09:57:00,932 [WARN] PackLoader:240 - Cannot read IP mode file for STMicroelectronics.X-CUBE-BLEMGR.2.0.0
2024-01-15 09:57:00,945 [WARN] ConditionMgr:438 - getConditionDescription Invalid condition id : UX DEVICE CLASS RTOS Condition cause : null
2024-01-15 09:57:00,945 [WARN] ConditionMgr:438 - getConditionDescription Invalid condition id : UX DEVICE CLASS RTOS Condition cause : null
2024-01-15 09:57:00,947 [WARN] PackLoader:240 - Cannot read IP mode file for STMicroelectronics.X-CUBE-AZRTOS-H7.3.1.0
2024-01-15 09:57:00,948 [WARN] ConditionMgr:1039 - genDependencies : Invalid condition id : UX DEVICE CLASS RTOS Condition cause : null
2024-01-15 09:57:00,948 [WARN] ConditionMgr:1039 - genDependencies : Invalid condition id : UX DEVICE CLASS RTOS Condition cause : null
2024-01-15 09:57:00,949 [WARN] ConditionMgr:1039 - genDependencies : Invalid condition id : UX DEVICE CLASS RTOS Condition cause : null
2024-01-15 09:57:00,949 [WARN] ConditionMgr:1039 - genDependencies : Invalid condition id : UX DEVICE CLASS RTOS Condition cause : null
2024-01-15 09:57:00,949 [WARN] ConditionMgr:1039 - genDependencies : Invalid condition id : UX DEVICE CLASS RTOS Condition cause : null
2024-01-15 09:57:00,953 [WARN] PackLoader:240 - Cannot read IP mode file for STMicroelectronics.X-CUBE-NFC7.1.0.1
2024-01-15 09:57:00,958 [WARN] PackLoader:240 - Cannot read IP mode file for STMicroelectronics.X-CUBE-NFC6.3.0.0
2024-01-15 09:57:00,964 [WARN] PackLoader:240 - Cannot read IP mode file for STMicroelectronics.X-CUBE-EEPRMA1.4.1.0
2024-01-15 09:57:00,967 [WARN] PackLoader:240 - Cannot read IP mode file for STMicroelectronics.X-CUBE-AI.8.1.0
2024-01-15 09:57:00,978 [WARN] ConditionMgr:438 - getConditionDescription Invalid condition id : LAN8742 Phy interface Condition cause : null
2024-01-15 09:57:00,979 [WARN] PackLoader:240 - Cannot read IP mode file for STMicroelectronics.X-CUBE-AZRTOS-L4.2.0.0
2024-01-15 09:57:00,980 [WARN] ConditionMgr:1039 - genDependencies : Invalid condition id : LAN8742 Phy interface Condition cause : null
2024-01-15 09:57:00,980 [WARN] ConditionMgr:1039 - genDependencies : Invalid condition id : LAN8742 Phy interface Condition cause : null
2024-01-15 09:57:00,981 [WARN] ConditionMgr:1039 - genDependencies : Invalid condition id : LAN8742 Phy interface Condition cause : null
2024-01-15 09:57:00,985 [WARN] PackLoader:240 - Cannot read IP mode file for STMicroelectronics.X-CUBE-SFXS2LP1.4.0.0
2024-01-15 09:57:00,989 [WARN] PackLoader:240 - Cannot read IP mode file for STMicroelectronics.X-CUBE-ISPU.1.1.0
2024-01-15 09:57:00,997 [WARN] ConditionMgr:438 - getConditionDescription Invalid condition id : UX DEVICE CLASS RTOS Condition cause : null
2024-01-15 09:57:00,997 [WARN] ConditionMgr:438 - getConditionDescription Invalid condition id : UX DEVICE CLASS RTOS Condition cause : null
2024-01-15 09:57:01,001 [WARN] PackLoader:240 - Cannot read IP mode file for STMicroelectronics.X-CUBE-AZRTOS-WB.2.0.0
2024-01-15 09:57:01,002 [WARN] ConditionMgr:1039 - genDependencies : Invalid condition id : UX DEVICE CLASS RTOS Condition cause : null
2024-01-15 09:57:01,002 [WARN] ConditionMgr:1039 - genDependencies : Invalid condition id : UX DEVICE CLASS RTOS Condition cause : null
2024-01-15 09:57:01,002 [WARN] ConditionMgr:1039 - genDependencies : Invalid condition id : UX DEVICE CLASS RTOS Condition cause : null
2024-01-15 09:57:01,002 [WARN] ConditionMgr:1039 - genDependencies : Invalid condition id : UX DEVICE CLASS RTOS Condition cause : null
2024-01-15 09:57:01,002 [WARN] ConditionMgr:1039 - genDependencies : Invalid condition id : UX DEVICE CLASS RTOS Condition cause : null
2024-01-15 09:57:01,008 [WARN] PackLoader:240 - Cannot read IP mode file for STMicroelectronics.X-CUBE-SUBG2.5.0.0
2024-01-15 09:57:01,017 [WARN] PackLoader:240 - Cannot read IP mode file for STMicroelectronics.X-CUBE-TOF1.3.3.1
2024-01-15 09:57:01,030 [WARN] PackLoader:240 - Cannot read IP mode file for STMicroelectronics.X-CUBE-AZRTOS-G4.2.0.0
2024-01-15 09:57:01,038 [WARN] PackLoader:240 - Cannot read IP mode file for Infineon.AIROC-Wi-Fi-Bluetooth-STM32.1.5.1
2024-01-15 09:57:01,042 [WARN] PackLoader:240 - Cannot read IP mode file for STMicroelectronics.FP-SNS-MOTENVWB1.1.3.1
2024-01-15 09:57:01,044 [WARN] PackLoader:240 - Cannot read IP mode file for STMicroelectronics.X-CUBE-ISPU.2.0.0
2024-01-15 09:57:01,067 [WARN] PackLoader:240 - Cannot read IP mode file for STMicroelectronics.X-CUBE-MEMS1.10.0.0
2024-01-15 09:57:01,154 [WARN] PackLoader:240 - Cannot read IP mode file for STMicroelectronics.X-CUBE-FREERTOS.1.1.0
2024-01-15 09:57:01,160 [WARN] PackLoader:240 - Cannot read IP mode file for portGmbH.I-Cube-SoM-uGOAL.1.1.0
2024-01-15 09:57:01,163 [WARN] PackLoader:240 - Cannot read IP mode file for STMicroelectronics.X-CUBE-ALS.1.0.1
2024-01-15 09:57:01,165 [WARN] PackLoader:240 - Cannot read IP mode file for STMicroelectronics.FP-ATR-ASTRA1.2.0.0
2024-01-15 09:57:01,171 [WARN] PackLoader:240 - Cannot read IP mode file for STMicroelectronics.X-CUBE-TOF1.3.4.0
2024-01-15 09:57:01,189 [WARN] PackLoader:240 - Cannot read IP mode file for STMicroelectronics.X-CUBE-AZRTOS-H7.3.2.0
2024-01-15 09:57:01,191 [INFO] ThirdParty:978 - Integrity check success = true
2024-01-15 09:57:01,192 [INFO] IntegrityCheckThread:100 - exiting critical section [integrity check]
2024-01-15 09:57:01,192 [INFO] IntegrityCheckThread:103 - End integrity checks thread
2024-01-15 09:57:20,137 [ERROR] LogOutputStream:75 - [STDERR_REDIRECT] SLF4J: Failed to load class "org.slf4j.impl.StaticLoggerBinder".
2024-01-15 09:57:20,137 [ERROR] LogOutputStream:75 - [STDERR_REDIRECT] SLF4J: Defaulting to no-operation (NOP) logger implementation
2024-01-15 09:57:20,137 [ERROR] LogOutputStream:75 - [STDERR_REDIRECT] SLF4J: See http://www.slf4j.org/codes.html#StaticLoggerBinder for further details.
2024-01-15 10:39:01,078 [INFO] LogOutputStream:77 - [STDOUT_REDIRECT] StartTraceHandler.execute(), success : Collect=true
2024-01-15 10:43:49,984 [INFO] LogOutputStream:77 - [STDOUT_REDIRECT] StartTraceHandler.execute(), success : Collect=false
2024-01-15 10:43:51,671 [INFO] LogOutputStream:77 - [STDOUT_REDIRECT] StartTraceHandler.execute(), success : Collect=true
2024-01-15 10:44:16,637 [INFO] LogOutputStream:77 - [STDOUT_REDIRECT] StartTraceHandler.execute(), success : Collect=false
2024-01-15 10:44:21,439 [INFO] LogOutputStream:77 - [STDOUT_REDIRECT] StartTraceHandler.execute(), success : Collect=true
2024-01-15 10:44:31,748 [INFO] LogOutputStream:77 - [STDOUT_REDIRECT] StartTraceHandler.execute(), success : Collect=false
2024-01-15 10:44:37,221 [INFO] LogOutputStream:77 - [STDOUT_REDIRECT] StartTraceHandler.execute(), success : Collect=true
2024-01-15 10:45:13,187 [INFO] LogOutputStream:77 - [STDOUT_REDIRECT] StartTraceHandler.execute(), success : Collect=false
2024-01-15 10:45:15,055 [INFO] LogOutputStream:77 - [STDOUT_REDIRECT] StartTraceHandler.execute(), success : Collect=true
2024-01-15 10:45:17,370 [INFO] LogOutputStream:77 - [STDOUT_REDIRECT] StartTraceHandler.execute(), success : Collect=false
2024-01-15 10:45:18,326 [INFO] LogOutputStream:77 - [STDOUT_REDIRECT] StartTraceHandler.execute(), success : Collect=true
2024-01-15 10:46:08,230 [INFO] LogOutputStream:77 - [STDOUT_REDIRECT] StartTraceHandler.execute(), success : Collect=false
2024-01-15 10:46:15,685 [INFO] LogOutputStream:77 - [STDOUT_REDIRECT] StartTraceHandler.execute(), success : Collect=true
2024-01-15 10:46:26,094 [INFO] LogOutputStream:77 - [STDOUT_REDIRECT] StartTraceHandler.execute(), success : Collect=false
2024-01-15 10:46:27,417 [INFO] LogOutputStream:77 - [STDOUT_REDIRECT] StartTraceHandler.execute(), success : Collect=true
2024-01-15 10:46:42,755 [INFO] LogOutputStream:77 - [STDOUT_REDIRECT] StartTraceHandler.execute(), success : Collect=false
2024-01-15 10:47:46,321 [INFO] LogOutputStream:77 - [STDOUT_REDIRECT] StartTraceHandler.execute(), success : Collect=true
2024-01-15 10:47:47,181 [INFO] LogOutputStream:77 - [STDOUT_REDIRECT] StartTraceHandler.execute(), success : Collect=false
2024-01-15 10:48:35,804 [INFO] LogOutputStream:77 - [STDOUT_REDIRECT] StartTraceHandler.execute(), success : Collect=false
2024-01-15 10:48:36,527 [INFO] LogOutputStream:77 - [STDOUT_REDIRECT] StartTraceHandler.execute(), success : Collect=true
2024-01-15 10:49:56,858 [INFO] LogOutputStream:77 - [STDOUT_REDIRECT] StartTraceHandler.execute(), success : Collect=true
2024-01-15 11:58:32,665 [INFO] LogOutputStream:77 - [STDOUT_REDIRECT] StartTraceHandler.execute(), success : Collect=false
2024-01-15 11:58:33,529 [INFO] LogOutputStream:77 - [STDOUT_REDIRECT] StartTraceHandler.execute(), success : Collect=true
